# JRE version: Java(TM) SE Runtime Environment (8.0_271-b09) (build 1.8.0_271-b09)
# Java VM: Java HotSpot(TM) Client VM (25.271-b09 mixed mode windows-x86 )
Heap:
 par new generation   total 118016K, used 75374K [0x04800000, 0x0c800000, 0x0c800000)
  eden space 104960K,  70% used [0x04800000, 0x09053a38, 0x0ae80000)
  from space 13056K,  10% used [0x0bb40000, 0x0bc87f68, 0x0c800000)
  to   space 13056K,   0% used [0x0ae80000, 0x0ae80000, 0x0bb40000)
 concurrent mark-sweep generation total 393216K, used 378215K [0x0c800000, 0x24800000, 0x24800000)
 Metaspace       used 53200K, capacity 62872K, committed 62976K, reserved 63872K
GC Heap History (10 events):
Event: 6513.080 GC heap before
{Heap before GC invocations=4761 (full 693):
 par new generation   total 118016K, used 106113K [0x04800000, 0x0c800000, 0x0c800000)
  eden space 104960K, 100% used [0x04800000, 0x0ae80000, 0x0ae80000)
  from space 13056K,   8% used [0x0ae80000, 0x0afa0548, 0x0bb40000)
  to   space 13056K,   0% used [0x0bb40000, 0x0bb40000, 0x0c800000)
 concurrent mark-sweep generation total 393216K, used 378215K [0x0c800000, 0x24800000, 0x24800000)
 Metaspace       used 53200K, capacity 62872K, committed 62976K, reserved 63872K
Event: 6513.084 GC heap after
Heap after GC invocations=4762 (full 693):
 par new generation   total 118016K, used 1087K [0x04800000, 0x0c800000, 0x0c800000)
  eden space 104960K,   0% used [0x04800000, 0x04800000, 0x0ae80000)
  from space 13056K,   8% used [0x0bb40000, 0x0bc4fef0, 0x0c800000)
  to   space 13056K,   0% used [0x0ae80000, 0x0ae80000, 0x0bb40000)
 concurrent mark-sweep generation total 393216K, used 378215K [0x0c800000, 0x24800000, 0x24800000)
 Metaspace       used 53200K, capacity 62872K, committed 62976K, reserved 63872K
}
Event: 6516.801 GC heap before
{Heap before GC invocations=4762 (full 693):
 par new generation   total 118016K, used 106047K [0x04800000, 0x0c800000, 0x0c800000)
  eden space 104960K, 100% used [0x04800000, 0x0ae80000, 0x0ae80000)
  from space 13056K,   8% used [0x0bb40000, 0x0bc4fef0, 0x0c800000)
  to   space 13056K,   0% used [0x0ae80000, 0x0ae80000, 0x0bb40000)
 concurrent mark-sweep generation total 393216K, used 378215K [0x0c800000, 0x24800000, 0x24800000)
 Metaspace       used 53200K, capacity 62872K, committed 62976K, reserved 63872K
Event: 6516.806 GC heap after
Heap after GC invocations=4763 (full 693):
 par new generation   total 118016K, used 1218K [0x04800000, 0x0c800000, 0x0c800000)
  eden space 104960K,   0% used [0x04800000, 0x04800000, 0x0ae80000)
  from space 13056K,   9% used [0x0ae80000, 0x0afb0b90, 0x0bb40000)
  to   space 13056K,   0% used [0x0bb40000, 0x0bb40000, 0x0c800000)
 concurrent mark-sweep generation total 393216K, used 378215K [0x0c800000, 0x24800000, 0x24800000)
 Metaspace       used 53200K, capacity 62872K, committed 62976K, reserved 63872K
}
Event: 6520.807 GC heap before
{Heap before GC invocations=4763 (full 693):
 par new generation   total 118016K, used 106178K [0x04800000, 0x0c800000, 0x0c800000)
  eden space 104960K, 100% used [0x04800000, 0x0ae80000, 0x0ae80000)
  from space 13056K,   9% used [0x0ae80000, 0x0afb0b90, 0x0bb40000)
  to   space 13056K,   0% used [0x0bb40000, 0x0bb40000, 0x0c800000)
 concurrent mark-sweep generation total 393216K, used 378215K [0x0c800000, 0x24800000, 0x24800000)
 Metaspace       used 53200K, capacity 62872K, committed 62976K, reserved 63872K
Event: 6520.814 GC heap after
Heap after GC invocations=4764 (full 693):
 par new generation   total 118016K, used 1316K [0x04800000, 0x0c800000, 0x0c800000)
  eden space 104960K,   0% used [0x04800000, 0x04800000, 0x0ae80000)
  from space 13056K,  10% used [0x0bb40000, 0x0bc892e0, 0x0c800000)
  to   space 13056K,   0% used [0x0ae80000, 0x0ae80000, 0x0bb40000)
 concurrent mark-sweep generation total 393216K, used 378215K [0x0c800000, 0x24800000, 0x24800000)
 Metaspace       used 53200K, capacity 62872K, committed 62976K, reserved 63872K
}
Event: 6524.867 GC heap before
{Heap before GC invocations=4764 (full 693):
 par new generation   total 118016K, used 106276K [0x04800000, 0x0c800000, 0x0c800000)
  eden space 104960K, 100% used [0x04800000, 0x0ae80000, 0x0ae80000)
  from space 13056K,  10% used [0x0bb40000, 0x0bc892e0, 0x0c800000)
  to   space 13056K,   0% used [0x0ae80000, 0x0ae80000, 0x0bb40000)
 concurrent mark-sweep generation total 393216K, used 378215K [0x0c800000, 0x24800000, 0x24800000)
 Metaspace       used 53200K, capacity 62872K, committed 62976K, reserved 63872K
Event: 6524.874 GC heap after
Heap after GC invocations=4765 (full 693):
 par new generation   total 118016K, used 1211K [0x04800000, 0x0c800000, 0x0c800000)
  eden space 104960K,   0% used [0x04800000, 0x04800000, 0x0ae80000)
  from space 13056K,   9% used [0x0ae80000, 0x0afaec10, 0x0bb40000)
  to   space 13056K,   0% used [0x0bb40000, 0x0bb40000, 0x0c800000)
 concurrent mark-sweep generation total 393216K, used 378215K [0x0c800000, 0x24800000, 0x24800000)
 Metaspace       used 53200K, capacity 62872K, committed 62976K, reserved 63872K
}
Event: 6528.715 GC heap before
{Heap before GC invocations=4765 (full 693):
 par new generation   total 118016K, used 106171K [0x04800000, 0x0c800000, 0x0c800000)
  eden space 104960K, 100% used [0x04800000, 0x0ae80000, 0x0ae80000)
  from space 13056K,   9% used [0x0ae80000, 0x0afaec10, 0x0bb40000)
  to   space 13056K,   0% used [0x0bb40000, 0x0bb40000, 0x0c800000)
 concurrent mark-sweep generation total 393216K, used 378215K [0x0c800000, 0x24800000, 0x24800000)
 Metaspace       used 53200K, capacity 62872K, committed 62976K, reserved 63872K
Event: 6528.718 GC heap after
Heap after GC invocations=4766 (full 693):
 par new generation   total 118016K, used 1311K [0x04800000, 0x0c800000, 0x0c800000)
  eden space 104960K,   0% used [0x04800000, 0x04800000, 0x0ae80000)
  from space 13056K,  10% used [0x0bb40000, 0x0bc87f68, 0x0c800000)
  to   space 13056K,   0% used [0x0ae80000, 0x0ae80000, 0x0bb40000)
 concurrent mark-sweep generation total 393216K, used 378215K [0x0c800000, 0x24800000, 0x24800000)
 Metaspace       used 53200K, capacity 62872K, committed 62976K, reserved 63872K
}

