# JRE version: Java(TM) SE Runtime Environment (8.0_271-b09) (build 1.8.0_271-b09)
# Java VM: Java HotSpot(TM) Client VM (25.271-b09 mixed mode windows-x86 )
Heap:
 par new generation   total 118016K, used 109440K [0x04400000, 0x0c400000, 0x0c400000)
  eden space 104960K,  91% used [0x04400000, 0x0a220130, 0x0aa80000)
  from space 13056K, 100% used [0x0b740000, 0x0c400000, 0x0c400000)
  to   space 13056K,   0% used [0x0aa80000, 0x0aa80000, 0x0b740000)
 concurrent mark-sweep generation total 393216K, used 360079K [0x0c400000, 0x24400000, 0x24400000)
 Metaspace       used 47053K, capacity 53757K, committed 53888K, reserved 54656K
GC Heap History (10 events):
Event: 830.388 GC heap before
{Heap before GC invocations=826 (full 29):
 par new generation   total 118016K, used 112657K [0x04400000, 0x0c400000, 0x0c400000)
  eden space 104960K, 100% used [0x04400000, 0x0aa80000, 0x0aa80000)
  from space 13056K,  58% used [0x0aa80000, 0x0b204690, 0x0b740000)
  to   space 13056K,   0% used [0x0b740000, 0x0b740000, 0x0c400000)
 concurrent mark-sweep generation total 393216K, used 315816K [0x0c400000, 0x24400000, 0x24400000)
 Metaspace       used 46503K, capacity 53208K, committed 53248K, reserved 53632K
Event: 830.398 GC heap after
Heap after GC invocations=827 (full 29):
 par new generation   total 118016K, used 7087K [0x04400000, 0x0c400000, 0x0c400000)
  eden space 104960K,   0% used [0x04400000, 0x04400000, 0x0aa80000)
  from space 13056K,  54% used [0x0b740000, 0x0be2bcb0, 0x0c400000)
  to   space 13056K,   0% used [0x0aa80000, 0x0aa80000, 0x0b740000)
 concurrent mark-sweep generation total 393216K, used 316057K [0x0c400000, 0x24400000, 0x24400000)
 Metaspace       used 46503K, capacity 53208K, committed 53248K, reserved 53632K
}
Event: 831.350 GC heap before
{Heap before GC invocations=827 (full 29):
 par new generation   total 118016K, used 112047K [0x04400000, 0x0c400000, 0x0c400000)
  eden space 104960K, 100% used [0x04400000, 0x0aa80000, 0x0aa80000)
  from space 13056K,  54% used [0x0b740000, 0x0be2bcb0, 0x0c400000)
  to   space 13056K,   0% used [0x0aa80000, 0x0aa80000, 0x0b740000)
 concurrent mark-sweep generation total 393216K, used 316008K [0x0c400000, 0x24400000, 0x24400000)
 Metaspace       used 46503K, capacity 53208K, committed 53248K, reserved 53632K
Event: 831.364 GC heap after
Heap after GC invocations=828 (full 29):
 par new generation   total 118016K, used 11974K [0x04400000, 0x0c400000, 0x0c400000)
  eden space 104960K,   0% used [0x04400000, 0x04400000, 0x0aa80000)
  from space 13056K,  91% used [0x0aa80000, 0x0b631ad8, 0x0b740000)
  to   space 13056K,   0% used [0x0b740000, 0x0b740000, 0x0c400000)
 concurrent mark-sweep generation total 393216K, used 316701K [0x0c400000, 0x24400000, 0x24400000)
 Metaspace       used 46503K, capacity 53208K, committed 53248K, reserved 53632K
}
Event: 831.765 GC heap before
{Heap before GC invocations=828 (full 29):
 par new generation   total 118016K, used 116934K [0x04400000, 0x0c400000, 0x0c400000)
  eden space 104960K, 100% used [0x04400000, 0x0aa80000, 0x0aa80000)
  from space 13056K,  91% used [0x0aa80000, 0x0b631ad8, 0x0b740000)
  to   space 13056K,   0% used [0x0b740000, 0x0b740000, 0x0c400000)
 concurrent mark-sweep generation total 393216K, used 316665K [0x0c400000, 0x24400000, 0x24400000)
 Metaspace       used 46503K, capacity 53208K, committed 53248K, reserved 53632K
Event: 831.805 GC heap after
Heap after GC invocations=829 (full 29):
 par new generation   total 118016K, used 13056K [0x04400000, 0x0c400000, 0x0c400000)
  eden space 104960K,   0% used [0x04400000, 0x04400000, 0x0aa80000)
  from space 13056K, 100% used [0x0b740000, 0x0c400000, 0x0c400000)
  to   space 13056K,   0% used [0x0aa80000, 0x0aa80000, 0x0b740000)
 concurrent mark-sweep generation total 393216K, used 326878K [0x0c400000, 0x24400000, 0x24400000)
 Metaspace       used 46503K, capacity 53208K, committed 53248K, reserved 53632K
}
Event: 832.229 GC heap before
{Heap before GC invocations=829 (full 29):
 par new generation   total 118016K, used 118016K [0x04400000, 0x0c400000, 0x0c400000)
  eden space 104960K, 100% used [0x04400000, 0x0aa80000, 0x0aa80000)
  from space 13056K, 100% used [0x0b740000, 0x0c400000, 0x0c400000)
  to   space 13056K,   0% used [0x0aa80000, 0x0aa80000, 0x0b740000)
 concurrent mark-sweep generation total 393216K, used 326878K [0x0c400000, 0x24400000, 0x24400000)
 Metaspace       used 46503K, capacity 53208K, committed 53248K, reserved 53632K
Event: 832.271 GC heap after
Heap after GC invocations=830 (full 29):
 par new generation   total 118016K, used 13056K [0x04400000, 0x0c400000, 0x0c400000)
  eden space 104960K,   0% used [0x04400000, 0x04400000, 0x0aa80000)
  from space 13056K, 100% used [0x0aa80000, 0x0b740000, 0x0b740000)
  to   space 13056K,   0% used [0x0b740000, 0x0b740000, 0x0c400000)
 concurrent mark-sweep generation total 393216K, used 342450K [0x0c400000, 0x24400000, 0x24400000)
 Metaspace       used 46503K, capacity 53208K, committed 53248K, reserved 53632K
}
Event: 832.766 GC heap before
{Heap before GC invocations=830 (full 29):
 par new generation   total 118016K, used 118016K [0x04400000, 0x0c400000, 0x0c400000)
  eden space 104960K, 100% used [0x04400000, 0x0aa80000, 0x0aa80000)
  from space 13056K, 100% used [0x0aa80000, 0x0b740000, 0x0b740000)
  to   space 13056K,   0% used [0x0b740000, 0x0b740000, 0x0c400000)
 concurrent mark-sweep generation total 393216K, used 342450K [0x0c400000, 0x24400000, 0x24400000)
 Metaspace       used 46503K, capacity 53208K, committed 53248K, reserved 53632K
Event: 832.816 GC heap after
Heap after GC invocations=831 (full 29):
 par new generation   total 118016K, used 13056K [0x04400000, 0x0c400000, 0x0c400000)
  eden space 104960K,   0% used [0x04400000, 0x04400000, 0x0aa80000)
  from space 13056K, 100% used [0x0b740000, 0x0c400000, 0x0c400000)
  to   space 13056K,   0% used [0x0aa80000, 0x0aa80000, 0x0b740000)
 concurrent mark-sweep generation total 393216K, used 360079K [0x0c400000, 0x24400000, 0x24400000)
 Metaspace       used 46503K, capacity 53208K, committed 53248K, reserved 53632K
}

